<?xml version="1.0" encoding="UTF-8"?>
<!-- Generated by org.testng.reporters.JUnitReportReporter -->
<testsuite skipped="0" hostname="PROBAL-ASUS" name="com.Automationtalks.demoProject.TestClass1" tests="3" failures="0" timestamp="2019-11-13T12:47:22 CST" time="136.239" errors="0">
  <testcase name="test2" time="56.533" classname="com.Automationtalks.demoProject.TestClass1"/>
  <testcase name="test3" time="56.814" classname="com.Automationtalks.demoProject.TestClass1"/>
  <testcase name="test1" time="22.892" classname="com.Automationtalks.demoProject.TestClass1"/>
</testsuite> <!-- com.Automationtalks.demoProject.TestClass1 -->
